<?xml version="1.0" encoding="UTF-8" standalone="yes" ?>
<test-results name="C:\teste_marcio\testes_unitarios\Win32\Debug\Project2.exe" total="3" errors="0" failures="0" ignored="0" inconclusive="0" not-run="0" skipped="0" invalid="0" date="2024-09-08" time="1.447">
  <culture-info current-culture="en" current-uiculture="en" />
  <test-suite type="Assembly" name="Project2.exe" executed="true" result="Success" success="True" time="1.447" asserts="0">
    <results>
        <test-suite type="Namespace" name="cep" executed="true" result="Success" success="True" time="1.446" asserts="0" >
          <results>
              <test-suite type="Fixture" name="cep" executed="True" result="Success" success="True" time="1.446" >
                <results>
                  <test-case name="prc_tratarApiCep" executed="True" result="Success" success="True" time="1.000" asserts="0" />
                  <test-case name="prc_tratarViaCep" executed="True" result="Success" success="True" time="0.333" asserts="0" />
                  <test-case name="prc_tratarApiAwesomeApi" executed="True" result="Success" success="True" time="0.107" asserts="0" />
                </results>
              </test-suite>
          </results>
        </test-suite>
    </results>
  </test-suite>
</test-results>
